09:41:48:470 2016.11.04 KMS GUI ELDI 37.1.0.0
Official Site: 
http://forums.mydigitallife.info/forums/51-KMS-tools
KMSpico v10.2.0
Windows Detected: Windows 7 Professional : Professional : 6.1 : 7601

09:41:48:472 Using host Local: 127.144.42.46:1688
09:41:48:484 Time Start: 2016/11/4 9:41:48
09:41:48:486 Checking Internet Connection...
09:41:48:775 Windows Detected: Windows 7 Professional : Professional : 6.1 : 7601
09:41:48:775 Using host Local: 127.144.42.46:1688
09:41:48:798 Opening Firewall Port...
09:41:48:833 Opening Firewall App...
09:41:48:857 KMSEmulator Port: 1688
09:41:48:858 Get Registry : SYSTEM\CurrentControlSet\Services\sppsvc:Start
09:41:48:858 Get Registry : SYSTEM\CurrentControlSet\Services\osppsvc:Start
09:41:48:867 KMSEmulator running port: 1688
09:41:49:059 Office 2010 Skipped
09:41:49:060 Office 2013 Found: C:\Program Files (x86)\Microsoft Office\Office15\
09:41:49:061 Office 2016 Skipped
09:41:49:061 Loading OEM Key Dumper...
09:41:49:062 Key found on MSDM: -XTPR9
09:41:49:077 Installing Key: -XTPR9
09:41:49:210 Error: C004F050 InstallProductKey
09:41:49:389 Found Office 2013 Products: 1
09:41:49:390 Name: Office 15, OfficeProPlusVL_KMS_Client edition
Description: Office 15, VOLUME_KMSCLIENT channel
GracePeriodRemaining: 259200
LicenseStatus: 1
PartialProductKey: GVGXT

09:41:49:417 DisableKeyManagementServiceHostCaching 0
09:41:49:419 Set Registry : OfficeSoftwareProtectionPlatform\0ff1ce15-a989-479d-af46-f275c6370663\4a5d124a-e620-44ba-b6ff-658961b33b9a:KeyManagementServiceName
09:41:49:420 Set Registry : OfficeSoftwareProtectionPlatform\0ff1ce15-a989-479d-af46-f275c6370663\4a5d124a-e620-44ba-b6ff-658961b33b9a:KeyManagementServicePort
09:41:49:420 Set Registry : OfficeSoftwareProtectionPlatform\0ff1ce15-a989-479d-af46-f275c6370663\b322da9c-a2e2-4058-9e4e-f59a6970bd69:KeyManagementServiceName
09:41:49:421 Set Registry : OfficeSoftwareProtectionPlatform\0ff1ce15-a989-479d-af46-f275c6370663\b322da9c-a2e2-4058-9e4e-f59a6970bd69:KeyManagementServicePort
09:41:49:421 Set Registry : OfficeSoftwareProtectionPlatform\0ff1ce15-a989-479d-af46-f275c6370663\e13ac10e-75d0-4aff-a0cd-764982cf541c:KeyManagementServiceName
09:41:49:421 Set Registry : OfficeSoftwareProtectionPlatform\0ff1ce15-a989-479d-af46-f275c6370663\e13ac10e-75d0-4aff-a0cd-764982cf541c:KeyManagementServicePort
09:41:49:493 Found Windows Products: 1
09:41:49:495 Name: Windows(R) 7, Professional edition
Description: Windows Operating System - Windows(R) 7, OEM_SLP channel
GracePeriodRemaining: 0
LicenseStatus: 1
PartialProductKey: 733WD

09:41:49:495 Version Windows Skipped
09:41:50:471 No Internet Connection Detected
